Package: consult
Fetcher: github
Source:  https://github.com/minad/consult.git

Cloning https://github.com/minad/consult.git to /home/runner/work/giaelpa/giaelpa/working/consult/
Copying files (->) and directories (=>)
  from /home/runner/work/giaelpa/giaelpa/working/consult/
  to /tmp/consult4002Bkw/consult-20210410.1817
    consult-compile.el -> consult-compile.el
    consult-flymake.el -> consult-flymake.el
    consult-icomplete.el -> consult-icomplete.el
    consult-selectrum.el -> consult-selectrum.el
    consult-vertico.el -> consult-vertico.el
    consult-xref.el -> consult-xref.el
    consult.el -> consult.el
    consult.texi -> consult.texi
Created /tmp/consult4002Bkw/consult-20210410.1817/consult.info
Created consult-20210410.1817.tar containing:
  consult-20210410.1817/
  consult-20210410.1817/consult-compile.el
  consult-20210410.1817/consult-flymake.el
  consult-20210410.1817/consult-icomplete.el
  consult-20210410.1817/consult-pkg.el
  consult-20210410.1817/consult-selectrum.el
  consult-20210410.1817/consult-vertico.el
  consult-20210410.1817/consult-xref.el
  consult-20210410.1817/consult.el
  consult-20210410.1817/consult.info
  consult-20210410.1817/dir
Built consult in 3.480s, finished at Sun Apr 11 14:34:43 2021
 ✓ Success:
4.0K -rw-r--r-- 1 runner docker  311 Apr 11 14:34 packages/consult-20210208.2315.entry
220K -rw-r--r-- 1 runner docker 220K Apr 11 14:34 packages/consult-20210208.2315.tar
4.0K -rw-r--r-- 1 runner docker  311 Apr 11 14:34 packages/consult-20210410.1817.entry
252K -rw-r--r-- 1 runner docker 250K Apr 11 14:34 packages/consult-20210410.1817.tar
4.0K -rw-r--r-- 1 runner docker 1.2K Apr 11 14:34 packages/consult-badge.svg
4.0K -rw-r--r-- 1 runner docker  834 Apr 11 14:34 packages/consult-readme.txt
