Package: embark
Fetcher: github
Source:  https://github.com/oantolin/embark.git

Cloning https://github.com/oantolin/embark.git to /home/runner/work/giaelpa/giaelpa/working/embark/
Copying files (->) and directories (=>)
  from /home/runner/work/giaelpa/giaelpa/working/embark/
  to /tmp/embark30602Mo/embark-20210430.1740
    embark.el -> embark.el
    embark.texi -> embark.texi
Created /tmp/embark30602Mo/embark-20210430.1740/embark.info
Created embark-20210430.1740.tar containing:
  embark-20210430.1740/
  embark-20210430.1740/dir
  embark-20210430.1740/embark-pkg.el
  embark-20210430.1740/embark.el
  embark-20210430.1740/embark.info
Built embark in 1.743s, finished at Sat May  8 12:25:27 2021
 ✓ Success:
4.0K -rw-r--r-- 1 runner docker  374 May  8 12:25 packages/embark-20210409.2107.entry
140K -rw-r--r-- 1 runner docker 140K May  8 12:25 packages/embark-20210409.2107.tar
4.0K -rw-r--r-- 1 runner docker  374 May  8 12:25 packages/embark-20210430.1740.entry
132K -rw-r--r-- 1 runner docker 130K May  8 12:25 packages/embark-20210430.1740.tar
4.0K -rw-r--r-- 1 runner docker 1.2K May  8 12:25 packages/embark-badge.svg
4.0K -rw-r--r-- 1 runner docker 3.9K May  8 12:25 packages/embark-readme.txt
