Package: orderless
Fetcher: github
Source:  https://github.com/oantolin/orderless.git

Cloning https://github.com/oantolin/orderless.git to /home/runner/work/giaelpa/giaelpa/working/orderless/
Copying files (->) and directories (=>)
  from /home/runner/work/giaelpa/giaelpa/working/orderless/
  to /tmp/orderless3490x0Q/orderless-20210518.1413
    orderless.el -> orderless.el
    orderless.texi -> orderless.texi
Created /tmp/orderless3490x0Q/orderless-20210518.1413/orderless.info
Created orderless-20210518.1413.tar containing:
  orderless-20210518.1413/
  orderless-20210518.1413/dir
  orderless-20210518.1413/orderless-pkg.el
  orderless-20210518.1413/orderless.el
  orderless-20210518.1413/orderless.info
Built orderless in 1.506s, finished at Sat May 22 13:54:57 2021
 ✓ Success:
4.0K -rw-r--r-- 1 runner docker  417 May 22 13:54 packages/orderless-20210507.1645.entry
 52K -rw-r--r-- 1 runner docker  50K May 22 13:54 packages/orderless-20210507.1645.tar
4.0K -rw-r--r-- 1 runner docker  417 May 22 13:54 packages/orderless-20210518.1413.entry
 52K -rw-r--r-- 1 runner docker  50K May 22 13:54 packages/orderless-20210518.1413.tar
4.0K -rw-r--r-- 1 runner docker 1.2K May 22 13:54 packages/orderless-badge.svg
4.0K -rw-r--r-- 1 runner docker 1.2K May 22 13:54 packages/orderless-readme.txt
